Arguments: 
  /usr/local/bin/node /home/sinergia/.yarn/bin/yarn.js add node-fetch

PATH: 
  /home/sinergia/.yarn/bin:/home/sinergia/.config/yarn/global/node_modules/.bin:/home/sinergia/.local/bin:/home/sinergia/.yarn/bin:/home/sinergia/.config/yarn/global/node_modules/.bin:/home/sinergia/.local/bin:/usr/local/sbin:/usr/local/bin:/usr/sbin:/usr/bin:/sbin:/bin:/usr/games:/usr/local/games:/snap/bin:/home/sinergia/Android/Sdk/emulator:/home/sinergia/Android/Sdk/tools:/home/sinergia/Android/Sdk/tools/bin:/home/sinergia/Android/Sdk/platform-tools:/home/sinergia/Android/Sdk/emulator:/home/sinergia/Android/Sdk/tools:/home/sinergia/Android/Sdk/tools/bin:/home/sinergia/Android/Sdk/platform-tools

Yarn version: 
  1.13.0

Node version: 
  10.15.3

Platform: 
  linux x64

Trace: 
  Error: EACCES: permission denied, open '/home/sinergia/Desktop/vipin/createxmlfile/package.json'

npm manifest: 
  {
    "name": "createxmlfile",
    "version": "1.0.0",
    "description": "",
    "main": "index.js",
    "scripts": {
      "test": "echo \"Error: no test specified\" && exit 1"
    },
    "author": "",
    "license": "ISC"
  }

yarn manifest: 
  No manifest

Lockfile: 
  # THIS IS AN AUTOGENERATED FILE. DO NOT EDIT THIS FILE DIRECTLY.
  # yarn lockfile v1
  
  
  node-fetch@^2.6.0:
    version "2.6.0"
    resolved "https://registry.yarnpkg.com/node-fetch/-/node-fetch-2.6.0.tgz#e633456386d4aa55863f676a7ab0daa8fdecb0fd"
    integrity sha512-8dG4H5ujfvFiqDmVu9fQ5bOHUC15JMjMY/Zumv26oOvvVJjM67KF8koCWIabKQ1GJIa9r2mMZscBq/TbdOcmNA==
